Failed check for cons R0001: 2 not in [-1.000001e+20,1.000002] -- Exact wrt linear tol: 2 not in [-100000100000000000000,500001/500000]
Failed check for cons c1101: 14.1 not in [-1.000001e+20,13.1000141] -- Exact wrt linear tol: 141/10 not in [-100000100000000000000,131000141/10000000]
solchecker: src/mpsinput.cpp:536: void MpsInput::readRhs(): Assertion `cons != NULL' failed.
./check_solution.sh: line 37: 1042697 Aborted                 (core dumped) "$CHECKER_BIN" "$INSTANCE" "$SOLUTION" 1e-6 1e-5
/cm/local/apps/slurm/var/spool/job148593/slurm_script: line 34: printf: 09: invalid octal number
Failed check for cons c1051: 26.97400000000001 not in [-1.000001e+20,23.97402697400001] -- Exact wrt linear tol: 13487000000000007/500000000000000 not in [-100000100000000000000,11987013487000007000007/500000000000000000000]
solchecker: src/mpsinput.cpp:536: void MpsInput::readRhs(): Assertion `cons != NULL' failed.
./check_solution.sh: line 37: 1042787 Aborted                 (core dumped) "$CHECKER_BIN" "$INSTANCE" "$SOLUTION" 1e-6 1e-5
Failed check for cons assign_pax_0: 0 not in [0.999999,1.000001] -- Exact wrt linear tol: 0 not in [999999/1000000,1000001/1000000]
Failed check for cons c0: 8 not in [-1.000001e+20,1.000008] -- Exact wrt linear tol: 8 not in [-100000100000000000000,125001/125000]
Failed check for cons c2101: 25.6 not in [-1.000001e+20,24.6000256] -- Exact wrt linear tol: 128/5 not in [-100000100000000000000,1921877/78125]
solchecker: src/mpsinput.cpp:536: void MpsInput::readRhs(): Assertion `cons != NULL' failed.
./check_solution.sh: line 37: 1043079 Aborted                 (core dumped) "$CHECKER_BIN" "$INSTANCE" "$SOLUTION" 1e-6 1e-5
Failed check for cons R3466: -1 not in [-1e-06,1e-06] -- Exact wrt linear tol: -1 not in [-1/1000000,1/1000000]
Failed check for cons c10036: 14.001 not in [-1.000001e+20,14.000017001] -- Exact wrt linear tol: 14001000000000001/1000000000000000 not in [-100000100000000000000,14000017001000000000001/1000000000000000000000]
solchecker: src/mpsinput.cpp:536: void MpsInput::readRhs(): Assertion `cons != NULL' failed.
./check_solution.sh: line 37: 1043177 Aborted                 (core dumped) "$CHECKER_BIN" "$INSTANCE" "$SOLUTION" 1e-6 1e-5
Failed check for cons c11026: 2 not in [-1.000001e+20,1.000002] -- Exact wrt linear tol: 2 not in [-100000100000000000000,500001/500000]
Failed check for cons __10154: 0 not in [0.999999,1.000001] -- Exact wrt linear tol: 0 not in [999999/1000000,1000001/1000000]
Failed check for cons R22943: 17 not in [-1.8e-05,1.8e-05] -- Exact wrt linear tol: 17 not in [-9/500000,9/500000]
